15 [140623922493248] INFO perfrun.launcher <> - Launcher main begin
16 [140623922493248] INFO perfrun.launcher <> - MessageCatalogInit finished
16 [140623922493248] INFO perfrun.launcher <> - Launcher instance created
17 [140623922493248] INFO perfrun.launcher <> - argc = 7; cmdline = /home/cc/intel/vtune_amplifier_2019.1.0.579888/bin64/amplxe-runss --ui-output-format xml --ui-output-fd 5 --option-file /home/cc/intel/vtune_amplifier_2019.1.0.579888/r005hs/config/runss.options 
30 [140623922493248] INFO perfrun.launcher <> - plugin remoteplug has been added successfully
30 [140623922493248] INFO perfrun.launcher <> - plugin system has been added successfully
30 [140623922493248] INFO perfrun.launcher <> - plugin itt has been added successfully
30 [140623922493248] INFO perfrun.launcher <> - plugin ptracecollector has been added successfully
30 [140623922493248] INFO perfrun.launcher <> - plugin gpu has been added successfully
30 [140623922493248] INFO perfrun.launcher <> - plugin  has been added successfully
30 [140623922493248] INFO perfrun.launcher <> - plugin  has been added successfully
30 [140623922493248] INFO perfrun.launcher <> - plugin  has been added successfully
30 [140623922493248] INFO perfrun.launcher <> - plugin mrte has been added successfully
30 [140623922493248] INFO perfrun.launcher <> - plugin emon has been added successfully
30 [140623922493248] INFO perfrun.launcher <> - plugin cuscol has been added successfully
30 [140623922493248] INFO perfrun.launcher <> - plugin stdsrc has been added successfully
31 [140623922493248] INFO perfrun.launcher <> - plugin sep has been added successfully
31 [140623922493248] INFO perfrun.launcher <> - plugin vtsspp has been added successfully
31 [140623922493248] INFO perfrun.sdk <> - Reading value (1) from file: /proc/sys/kernel/perf_event_paranoid
37 [140623922493248] INFO perfrun.perfcollector <> - cpu: family = 6 model = 63
37 [140623922493248] INFO perfrun.perfcollector <> - dir found : /sys/bus/event_source/devices/cpu
37 [140623922493248] INFO perfrun.perfcollector <> - format: pc config:19 mask:19
37 [140623922493248] INFO perfrun.perfcollector <> - format: any config:21 mask:21
37 [140623922493248] INFO perfrun.perfcollector <> - format: inv config:23 mask:23
37 [140623922493248] INFO perfrun.perfcollector <> - format: edge config:18 mask:18
37 [140623922493248] INFO perfrun.perfcollector <> - format: cmask config:24-31 mask:24-31
37 [140623922493248] INFO perfrun.perfcollector <> - format: event config:0-7 mask:0-7
37 [140623922493248] INFO perfrun.perfcollector <> - format: in_tx config:32 mask:32
37 [140623922493248] INFO perfrun.perfcollector <> - format: ldlat config1:0-15 mask:0-15
37 [140623922493248] INFO perfrun.perfcollector <> - format: umask config:8-15 mask:8-15
37 [140623922493248] INFO perfrun.perfcollector <> - format: in_tx_cp config:33 mask:33
37 [140623922493248] INFO perfrun.perfcollector <> - format: offcore_rsp config1:0-63 mask:0-63
37 [140623922493248] INFO perfrun.perfcollector <> - hwInfo : PERF_CPU_PMU_DETAILS
37 [140623922493248] INFO perfrun.perfcollector <> - pmu added : family : cpu , id : 0
37 [140623922493248] INFO perfrun.perfcollector <> - dir found : /sys/bus/event_source/devices/msr
37 [140623922493248] INFO perfrun.perfcollector <> - format: event config:0-63 mask:0-63
38 [140623922493248] WARN perfrun.perfcollector <> - pmu hwInfo is not set, at file: vcs/perfrun1/plugins/perfcollector/src/controller.cpp:670
38 [140623922493248] INFO perfrun.perfcollector <> - pmu added : family : msr , id : 0
38 [140623922493248] INFO perfrun.perfcollector <> - dir found : /sys/bus/event_source/devices/uncore_cbox_10
38 [140623922493248] INFO perfrun.perfcollector <> - format: edge config:18 mask:18
38 [140623922493248] INFO perfrun.perfcollector <> - format: event config:0-7 mask:0-7
38 [140623922493248] INFO perfrun.perfcollector <> - format: umask config:8-15 mask:8-15
38 [140623922493248] INFO perfrun.perfcollector <> - format: filter_c6 config1:61 mask:61
38 [140623922493248] INFO perfrun.perfcollector <> - format: filter_nc config1:62 mask:62
38 [140623922493248] INFO perfrun.perfcollector <> - format: filter_isoc config1:63 mask:63
38 [140623922493248] INFO perfrun.perfcollector <> - format: filter_link config1:6-8 mask:6-8
38 [140623922493248] INFO perfrun.perfcollector <> - format: filter_nid config1:32-47 mask:32-47
38 [140623922493248] INFO perfrun.perfcollector <> - format: filter_opc config1:52-60 mask:52-60
38 [140623922493248] INFO perfrun.perfcollector <> - format: filter_tid config1:0-5 mask:0-5
38 [140623922493248] INFO perfrun.perfcollector <> - format: tid_en config:19 mask:19
38 [140623922493248] INFO perfrun.perfcollector <> - format: thresh config:24-31 mask:24-31
38 [140623922493248] INFO perfrun.perfcollector <> - format: filter_state config1:17-23 mask:17-23
38 [140623922493248] WARN perfrun.perfcollector <> - pmu hwInfo is not set, at file: vcs/perfrun1/plugins/perfcollector/src/controller.cpp:670
38 [140623922493248] INFO perfrun.perfcollector <> - pmu added : family : uncore_cbox , id : 10
38 [140623922493248] INFO perfrun.perfcollector <> - dir found : /sys/bus/event_source/devices/uncore_cbox_11
38 [140623922493248] INFO perfrun.perfcollector <> - format: edge config:18 mask:18
38 [140623922493248] INFO perfrun.perfcollector <> - format: event config:0-7 mask:0-7
38 [140623922493248] INFO perfrun.perfcollector <> - format: umask config:8-15 mask:8-15
38 [140623922493248] INFO perfrun.perfcollector <> - format: filter_c6 config1:61 mask:61
38 [140623922493248] INFO perfrun.perfcollector <> - format: filter_nc config1:62 mask:62
38 [140623922493248] INFO perfrun.perfcollector <> - format: filter_isoc config1:63 mask:63
38 [140623922493248] INFO perfrun.perfcollector <> - format: filter_link config1:6-8 mask:6-8
38 [140623922493248] INFO perfrun.perfcollector <> - format: filter_nid config1:32-47 mask:32-47
38 [140623922493248] INFO perfrun.perfcollector <> - format: filter_opc config1:52-60 mask:52-60
38 [140623922493248] INFO perfrun.perfcollector <> - format: filter_tid config1:0-5 mask:0-5
38 [140623922493248] INFO perfrun.perfcollector <> - format: tid_en config:19 mask:19
38 [140623922493248] INFO perfrun.perfcollector <> - format: thresh config:24-31 mask:24-31
38 [140623922493248] INFO perfrun.perfcollector <> - format: filter_state config1:17-23 mask:17-23
38 [140623922493248] WARN perfrun.perfcollector <> - pmu hwInfo is not set, at file: vcs/perfrun1/plugins/perfcollector/src/controller.cpp:670
38 [140623922493248] INFO perfrun.perfcollector <> - pmu added : family : uncore_cbox , id : 11
38 [140623922493248] INFO perfrun.perfcollector <> - dir found : /sys/bus/event_source/devices/software
38 [140623922493248] WARN perfrun.perfcollector <> - format subdir doesn't exist, at file: vcs/perfrun1/plugins/perfcollector/src/controller.cpp:591
38 [140623922493248] WARN perfrun.perfcollector <> - pmu hwInfo is not set, at file: vcs/perfrun1/plugins/perfcollector/src/controller.cpp:670
39 [140623922493248] INFO perfrun.perfcollector <> - pmu added : family : software , id : 0
39 [140623922493248] INFO perfrun.perfcollector <> - dir found : /sys/bus/event_source/devices/power
39 [140623922493248] INFO perfrun.perfcollector <> - format: event config:0-7 mask:0-7
39 [140623922493248] WARN perfrun.perfcollector <> - pmu hwInfo is not set, at file: vcs/perfrun1/plugins/perfcollector/src/controller.cpp:670
39 [140623922493248] INFO perfrun.perfcollector <> - pmu added : family : power , id : 0
39 [140623922493248] INFO perfrun.perfcollector <> - dir found : /sys/bus/event_source/devices/uncore_pcu
39 [140623922493248] INFO perfrun.perfcollector <> - format: inv config:23 mask:23
39 [140623922493248] INFO perfrun.perfcollector <> - format: occ_invert config:30 mask:30
39 [140623922493248] INFO perfrun.perfcollector <> - format: edge config:18 mask:18
39 [140623922493248] INFO perfrun.perfcollector <> - format: event config:0-7,21 mask:0-7,21
39 [140623922493248] INFO perfrun.perfcollector <> - format: occ_sel config:14-15 mask:14-15
39 [140623922493248] INFO perfrun.perfcollector <> - format: thresh config:24-28 mask:24-28
39 [140623922493248] INFO perfrun.perfcollector <> - format: filter_band0 config1:0-7 mask:0-7
39 [140623922493248] INFO perfrun.perfcollector <> - format: filter_band1 config1:8-15 mask:8-15
39 [140623922493248] INFO perfrun.perfcollector <> - format: filter_band2 config1:16-23 mask:16-23
39 [140623922493248] INFO perfrun.perfcollector <> - format: filter_band3 config1:24-31 mask:24-31
39 [140623922493248] INFO perfrun.perfcollector <> - format: occ_edge config:14-51 mask:14-51
39 [140623922493248] WARN perfrun.perfcollector <> - pmu hwInfo is not set, at file: vcs/perfrun1/plugins/perfcollector/src/controller.cpp:670
39 [140623922493248] INFO perfrun.perfcollector <> - pmu added : family : uncore_pcu , id : 0
39 [140623922493248] INFO perfrun.perfcollector <> - dir found : /sys/bus/event_source/devices/tracepoint
39 [140623922493248] WARN perfrun.perfcollector <> - format subdir doesn't exist, at file: vcs/perfrun1/plugins/perfcollector/src/controller.cpp:591
39 [140623922493248] WARN perfrun.perfcollector <> - pmu hwInfo is not set, at file: vcs/perfrun1/plugins/perfcollector/src/controller.cpp:670
39 [140623922493248] INFO perfrun.perfcollector <> - pmu added : family : tracepoint , id : 0
39 [140623922493248] INFO perfrun.perfcollector <> - dir found : /sys/bus/event_source/devices/uncore_imc_0
39 [140623922493248] INFO perfrun.perfcollector <> - format: inv config:23 mask:23
39 [140623922493248] INFO perfrun.perfcollector <> - format: edge config:18 mask:18
39 [140623922493248] INFO perfrun.perfcollector <> - format: event config:0-7 mask:0-7
39 [140623922493248] INFO perfrun.perfcollector <> - format: umask config:8-15 mask:8-15
39 [140623922493248] INFO perfrun.perfcollector <> - format: thresh config:24-31 mask:24-31
39 [140623922493248] INFO perfrun.perfcollector <> - hwInfo : PERF_IMC_PMU_DETAILS
39 [140623922493248] INFO perfrun.perfcollector <> - pmu added : family : uncore_imc , id : 0
39 [140623922493248] INFO perfrun.perfcollector <> - dir found : /sys/bus/event_source/devices/uncore_imc_1
40 [140623922493248] INFO perfrun.perfcollector <> - format: inv config:23 mask:23
40 [140623922493248] INFO perfrun.perfcollector <> - format: edge config:18 mask:18
40 [140623922493248] INFO perfrun.perfcollector <> - format: event config:0-7 mask:0-7
40 [140623922493248] INFO perfrun.perfcollector <> - format: umask config:8-15 mask:8-15
40 [140623922493248] INFO perfrun.perfcollector <> - format: thresh config:24-31 mask:24-31
40 [140623922493248] INFO perfrun.perfcollector <> - hwInfo : PERF_IMC_PMU_DETAILS
40 [140623922493248] INFO perfrun.perfcollector <> - pmu added : family : uncore_imc , id : 1
40 [140623922493248] INFO perfrun.perfcollector <> - dir found : /sys/bus/event_source/devices/uncore_imc_4
40 [140623922493248] INFO perfrun.perfcollector <> - format: inv config:23 mask:23
40 [140623922493248] INFO perfrun.perfcollector <> - format: edge config:18 mask:18
40 [140623922493248] INFO perfrun.perfcollector <> - format: event config:0-7 mask:0-7
40 [140623922493248] INFO perfrun.perfcollector <> - format: umask config:8-15 mask:8-15
40 [140623922493248] INFO perfrun.perfcollector <> - format: thresh config:24-31 mask:24-31
40 [140623922493248] INFO perfrun.perfcollector <> - hwInfo : PERF_IMC_PMU_DETAILS
40 [140623922493248] INFO perfrun.perfcollector <> - pmu added : family : uncore_imc , id : 4
40 [140623922493248] INFO perfrun.perfcollector <> - dir found : /sys/bus/event_source/devices/uncore_imc_5
40 [140623922493248] INFO perfrun.perfcollector <> - format: inv config:23 mask:23
40 [140623922493248] INFO perfrun.perfcollector <> - format: edge config:18 mask:18
40 [140623922493248] INFO perfrun.perfcollector <> - format: event config:0-7 mask:0-7
40 [140623922493248] INFO perfrun.perfcollector <> - format: umask config:8-15 mask:8-15
40 [140623922493248] INFO perfrun.perfcollector <> - format: thresh config:24-31 mask:24-31
40 [140623922493248] INFO perfrun.perfcollector <> - hwInfo : PERF_IMC_PMU_DETAILS
40 [140623922493248] INFO perfrun.perfcollector <> - pmu added : family : uncore_imc , id : 5
40 [140623922493248] INFO perfrun.perfcollector <> - dir found : /sys/bus/event_source/devices/uncore_qpi_0
40 [140623922493248] INFO perfrun.perfcollector <> - format: inv config:23 mask:23
40 [140623922493248] INFO perfrun.perfcollector <> - format: edge config:18 mask:18
40 [140623922493248] INFO perfrun.perfcollector <> - format: match_rnid4 config1:31 mask:31
40 [140623922493248] INFO perfrun.perfcollector <> - format: event config:0-7,21 mask:0-7,21
40 [140623922493248] INFO perfrun.perfcollector <> - format: mask0 config2:0-31 mask:0-31
40 [140623922493248] INFO perfrun.perfcollector <> - format: mask1 config2:32-63 mask:32-63
40 [140623922493248] INFO perfrun.perfcollector <> - format: umask config:8-15 mask:8-15
40 [140623922493248] INFO perfrun.perfcollector <> - format: mask_rnid30 config2:32-35 mask:32-35
40 [140623922493248] INFO perfrun.perfcollector <> - format: match_rnid30 config1:32-35 mask:32-35
40 [140623922493248] INFO perfrun.perfcollector <> - format: match_dnid config1:13-17 mask:13-17
40 [140623922493248] INFO perfrun.perfcollector <> - format: mask_mc config2:9-12 mask:9-12
40 [140623922493248] INFO perfrun.perfcollector <> - format: mask_dnid config2:13-17 mask:13-17
41 [140623922493248] INFO perfrun.perfcollector <> - format: match_opc config1:5-8 mask:5-8
41 [140623922493248] INFO perfrun.perfcollector <> - format: match_rds config1:48-51 mask:48-51
41 [140623922493248] INFO perfrun.perfcollector <> - format: match_vnw config1:3-4 mask:3-4
41 [140623922493248] INFO perfrun.perfcollector <> - format: mask_opc config2:5-8 mask:5-8
41 [140623922493248] INFO perfrun.perfcollector <> - format: mask_rds config2:48-51 mask:48-51
41 [140623922493248] INFO perfrun.perfcollector <> - format: mask_vnw config2:3-4 mask:3-4
41 [140623922493248] INFO perfrun.perfcollector <> - format: match_mc config1:9-12 mask:9-12
41 [140623922493248] INFO perfrun.perfcollector <> - format: match0 config1:0-31 mask:0-31
41 [140623922493248] INFO perfrun.perfcollector <> - format: match1 config1:32-63 mask:32-63
41 [140623922493248] INFO perfrun.perfcollector <> - format: mask_rnid4 config2:31 mask:31
41 [140623922493248] INFO perfrun.perfcollector <> - format: thresh config:24-31 mask:24-31
41 [140623922493248] INFO perfrun.perfcollector <> - hwInfo : PERF_QPI_PMU_DETAILS
41 [140623922493248] INFO perfrun.perfcollector <> - pmu added : family : uncore_qpi , id : 0
41 [140623922493248] INFO perfrun.perfcollector <> - dir found : /sys/bus/event_source/devices/uncore_qpi_1
41 [140623922493248] INFO perfrun.perfcollector <> - format: inv config:23 mask:23
41 [140623922493248] INFO perfrun.perfcollector <> - format: edge config:18 mask:18
41 [140623922493248] INFO perfrun.perfcollector <> - format: match_rnid4 config1:31 mask:31
41 [140623922493248] INFO perfrun.perfcollector <> - format: event config:0-7,21 mask:0-7,21
41 [140623922493248] INFO perfrun.perfcollector <> - format: mask0 config2:0-31 mask:0-31
41 [140623922493248] INFO perfrun.perfcollector <> - format: mask1 config2:32-63 mask:32-63
41 [140623922493248] INFO perfrun.perfcollector <> - format: umask config:8-15 mask:8-15
41 [140623922493248] INFO perfrun.perfcollector <> - format: mask_rnid30 config2:32-35 mask:32-35
41 [140623922493248] INFO perfrun.perfcollector <> - format: match_rnid30 config1:32-35 mask:32-35
41 [140623922493248] INFO perfrun.perfcollector <> - format: match_dnid config1:13-17 mask:13-17
41 [140623922493248] INFO perfrun.perfcollector <> - format: mask_mc config2:9-12 mask:9-12
41 [140623922493248] INFO perfrun.perfcollector <> - format: mask_dnid config2:13-17 mask:13-17
41 [140623922493248] INFO perfrun.perfcollector <> - format: match_opc config1:5-8 mask:5-8
41 [140623922493248] INFO perfrun.perfcollector <> - format: match_rds config1:48-51 mask:48-51
41 [140623922493248] INFO perfrun.perfcollector <> - format: match_vnw config1:3-4 mask:3-4
41 [140623922493248] INFO perfrun.perfcollector <> - format: mask_opc config2:5-8 mask:5-8
41 [140623922493248] INFO perfrun.perfcollector <> - format: mask_rds config2:48-51 mask:48-51
41 [140623922493248] INFO perfrun.perfcollector <> - format: mask_vnw config2:3-4 mask:3-4
41 [140623922493248] INFO perfrun.perfcollector <> - format: match_mc config1:9-12 mask:9-12
41 [140623922493248] INFO perfrun.perfcollector <> - format: match0 config1:0-31 mask:0-31
41 [140623922493248] INFO perfrun.perfcollector <> - format: match1 config1:32-63 mask:32-63
41 [140623922493248] INFO perfrun.perfcollector <> - format: mask_rnid4 config2:31 mask:31
42 [140623922493248] INFO perfrun.perfcollector <> - format: thresh config:24-31 mask:24-31
42 [140623922493248] INFO perfrun.perfcollector <> - hwInfo : PERF_QPI_PMU_DETAILS
42 [140623922493248] INFO perfrun.perfcollector <> - pmu added : family : uncore_qpi , id : 1
42 [140623922493248] INFO perfrun.perfcollector <> - dir found : /sys/bus/event_source/devices/uncore_cbox_0
42 [140623922493248] INFO perfrun.perfcollector <> - format: edge config:18 mask:18
42 [140623922493248] INFO perfrun.perfcollector <> - format: event config:0-7 mask:0-7
42 [140623922493248] INFO perfrun.perfcollector <> - format: umask config:8-15 mask:8-15
42 [140623922493248] INFO perfrun.perfcollector <> - format: filter_c6 config1:61 mask:61
42 [140623922493248] INFO perfrun.perfcollector <> - format: filter_nc config1:62 mask:62
42 [140623922493248] INFO perfrun.perfcollector <> - format: filter_isoc config1:63 mask:63
42 [140623922493248] INFO perfrun.perfcollector <> - format: filter_link config1:6-8 mask:6-8
42 [140623922493248] INFO perfrun.perfcollector <> - format: filter_nid config1:32-47 mask:32-47
42 [140623922493248] INFO perfrun.perfcollector <> - format: filter_opc config1:52-60 mask:52-60
42 [140623922493248] INFO perfrun.perfcollector <> - format: filter_tid config1:0-5 mask:0-5
42 [140623922493248] INFO perfrun.perfcollector <> - format: tid_en config:19 mask:19
42 [140623922493248] INFO perfrun.perfcollector <> - format: thresh config:24-31 mask:24-31
42 [140623922493248] INFO perfrun.perfcollector <> - format: filter_state config1:17-23 mask:17-23
42 [140623922493248] WARN perfrun.perfcollector <> - pmu hwInfo is not set, at file: vcs/perfrun1/plugins/perfcollector/src/controller.cpp:670
42 [140623922493248] INFO perfrun.perfcollector <> - pmu added : family : uncore_cbox , id : 0
42 [140623922493248] INFO perfrun.perfcollector <> - dir found : /sys/bus/event_source/devices/uncore_cbox_1
42 [140623922493248] INFO perfrun.perfcollector <> - format: edge config:18 mask:18
42 [140623922493248] INFO perfrun.perfcollector <> - format: event config:0-7 mask:0-7
42 [140623922493248] INFO perfrun.perfcollector <> - format: umask config:8-15 mask:8-15
42 [140623922493248] INFO perfrun.perfcollector <> - format: filter_c6 config1:61 mask:61
42 [140623922493248] INFO perfrun.perfcollector <> - format: filter_nc config1:62 mask:62
42 [140623922493248] INFO perfrun.perfcollector <> - format: filter_isoc config1:63 mask:63
42 [140623922493248] INFO perfrun.perfcollector <> - format: filter_link config1:6-8 mask:6-8
42 [140623922493248] INFO perfrun.perfcollector <> - format: filter_nid config1:32-47 mask:32-47
42 [140623922493248] INFO perfrun.perfcollector <> - format: filter_opc config1:52-60 mask:52-60
42 [140623922493248] INFO perfrun.perfcollector <> - format: filter_tid config1:0-5 mask:0-5
42 [140623922493248] INFO perfrun.perfcollector <> - format: tid_en config:19 mask:19
42 [140623922493248] INFO perfrun.perfcollector <> - format: thresh config:24-31 mask:24-31
42 [140623922493248] INFO perfrun.perfcollector <> - format: filter_state config1:17-23 mask:17-23
42 [140623922493248] WARN perfrun.perfcollector <> - pmu hwInfo is not set, at file: vcs/perfrun1/plugins/perfcollector/src/controller.cpp:670
42 [140623922493248] INFO perfrun.perfcollector <> - pmu added : family : uncore_cbox , id : 1
42 [140623922493248] INFO perfrun.perfcollector <> - dir found : /sys/bus/event_source/devices/uncore_cbox_2
43 [140623922493248] INFO perfrun.perfcollector <> - format: edge config:18 mask:18
43 [140623922493248] INFO perfrun.perfcollector <> - format: event config:0-7 mask:0-7
43 [140623922493248] INFO perfrun.perfcollector <> - format: umask config:8-15 mask:8-15
43 [140623922493248] INFO perfrun.perfcollector <> - format: filter_c6 config1:61 mask:61
43 [140623922493248] INFO perfrun.perfcollector <> - format: filter_nc config1:62 mask:62
43 [140623922493248] INFO perfrun.perfcollector <> - format: filter_isoc config1:63 mask:63
43 [140623922493248] INFO perfrun.perfcollector <> - format: filter_link config1:6-8 mask:6-8
43 [140623922493248] INFO perfrun.perfcollector <> - format: filter_nid config1:32-47 mask:32-47
43 [140623922493248] INFO perfrun.perfcollector <> - format: filter_opc config1:52-60 mask:52-60
43 [140623922493248] INFO perfrun.perfcollector <> - format: filter_tid config1:0-5 mask:0-5
43 [140623922493248] INFO perfrun.perfcollector <> - format: tid_en config:19 mask:19
43 [140623922493248] INFO perfrun.perfcollector <> - format: thresh config:24-31 mask:24-31
43 [140623922493248] INFO perfrun.perfcollector <> - format: filter_state config1:17-23 mask:17-23
43 [140623922493248] WARN perfrun.perfcollector <> - pmu hwInfo is not set, at file: vcs/perfrun1/plugins/perfcollector/src/controller.cpp:670
43 [140623922493248] INFO perfrun.perfcollector <> - pmu added : family : uncore_cbox , id : 2
43 [140623922493248] INFO perfrun.perfcollector <> - dir found : /sys/bus/event_source/devices/uncore_cbox_3
43 [140623922493248] INFO perfrun.perfcollector <> - format: edge config:18 mask:18
43 [140623922493248] INFO perfrun.perfcollector <> - format: event config:0-7 mask:0-7
43 [140623922493248] INFO perfrun.perfcollector <> - format: umask config:8-15 mask:8-15
43 [140623922493248] INFO perfrun.perfcollector <> - format: filter_c6 config1:61 mask:61
43 [140623922493248] INFO perfrun.perfcollector <> - format: filter_nc config1:62 mask:62
43 [140623922493248] INFO perfrun.perfcollector <> - format: filter_isoc config1:63 mask:63
43 [140623922493248] INFO perfrun.perfcollector <> - format: filter_link config1:6-8 mask:6-8
43 [140623922493248] INFO perfrun.perfcollector <> - format: filter_nid config1:32-47 mask:32-47
43 [140623922493248] INFO perfrun.perfcollector <> - format: filter_opc config1:52-60 mask:52-60
43 [140623922493248] INFO perfrun.perfcollector <> - format: filter_tid config1:0-5 mask:0-5
43 [140623922493248] INFO perfrun.perfcollector <> - format: tid_en config:19 mask:19
43 [140623922493248] INFO perfrun.perfcollector <> - format: thresh config:24-31 mask:24-31
43 [140623922493248] INFO perfrun.perfcollector <> - format: filter_state config1:17-23 mask:17-23
43 [140623922493248] WARN perfrun.perfcollector <> - pmu hwInfo is not set, at file: vcs/perfrun1/plugins/perfcollector/src/controller.cpp:670
43 [140623922493248] INFO perfrun.perfcollector <> - pmu added : family : uncore_cbox , id : 3
43 [140623922493248] INFO perfrun.perfcollector <> - dir found : /sys/bus/event_source/devices/uncore_cbox_4
43 [140623922493248] INFO perfrun.perfcollector <> - format: edge config:18 mask:18
43 [140623922493248] INFO perfrun.perfcollector <> - format: event config:0-7 mask:0-7
44 [140623922493248] INFO perfrun.perfcollector <> - format: umask config:8-15 mask:8-15
44 [140623922493248] INFO perfrun.perfcollector <> - format: filter_c6 config1:61 mask:61
44 [140623922493248] INFO perfrun.perfcollector <> - format: filter_nc config1:62 mask:62
44 [140623922493248] INFO perfrun.perfcollector <> - format: filter_isoc config1:63 mask:63
44 [140623922493248] INFO perfrun.perfcollector <> - format: filter_link config1:6-8 mask:6-8
44 [140623922493248] INFO perfrun.perfcollector <> - format: filter_nid config1:32-47 mask:32-47
44 [140623922493248] INFO perfrun.perfcollector <> - format: filter_opc config1:52-60 mask:52-60
44 [140623922493248] INFO perfrun.perfcollector <> - format: filter_tid config1:0-5 mask:0-5
44 [140623922493248] INFO perfrun.perfcollector <> - format: tid_en config:19 mask:19
44 [140623922493248] INFO perfrun.perfcollector <> - format: thresh config:24-31 mask:24-31
44 [140623922493248] INFO perfrun.perfcollector <> - format: filter_state config1:17-23 mask:17-23
44 [140623922493248] WARN perfrun.perfcollector <> - pmu hwInfo is not set, at file: vcs/perfrun1/plugins/perfcollector/src/controller.cpp:670
44 [140623922493248] INFO perfrun.perfcollector <> - pmu added : family : uncore_cbox , id : 4
44 [140623922493248] INFO perfrun.perfcollector <> - dir found : /sys/bus/event_source/devices/uncore_cbox_5
44 [140623922493248] INFO perfrun.perfcollector <> - format: edge config:18 mask:18
44 [140623922493248] INFO perfrun.perfcollector <> - format: event config:0-7 mask:0-7
44 [140623922493248] INFO perfrun.perfcollector <> - format: umask config:8-15 mask:8-15
44 [140623922493248] INFO perfrun.perfcollector <> - format: filter_c6 config1:61 mask:61
44 [140623922493248] INFO perfrun.perfcollector <> - format: filter_nc config1:62 mask:62
44 [140623922493248] INFO perfrun.perfcollector <> - format: filter_isoc config1:63 mask:63
44 [140623922493248] INFO perfrun.perfcollector <> - format: filter_link config1:6-8 mask:6-8
44 [140623922493248] INFO perfrun.perfcollector <> - format: filter_nid config1:32-47 mask:32-47
44 [140623922493248] INFO perfrun.perfcollector <> - format: filter_opc config1:52-60 mask:52-60
44 [140623922493248] INFO perfrun.perfcollector <> - format: filter_tid config1:0-5 mask:0-5
44 [140623922493248] INFO perfrun.perfcollector <> - format: tid_en config:19 mask:19
44 [140623922493248] INFO perfrun.perfcollector <> - format: thresh config:24-31 mask:24-31
44 [140623922493248] INFO perfrun.perfcollector <> - format: filter_state config1:17-23 mask:17-23
44 [140623922493248] WARN perfrun.perfcollector <> - pmu hwInfo is not set, at file: vcs/perfrun1/plugins/perfcollector/src/controller.cpp:670
44 [140623922493248] INFO perfrun.perfcollector <> - pmu added : family : uncore_cbox , id : 5
44 [140623922493248] INFO perfrun.perfcollector <> - dir found : /sys/bus/event_source/devices/uncore_cbox_6
44 [140623922493248] INFO perfrun.perfcollector <> - format: edge config:18 mask:18
44 [140623922493248] INFO perfrun.perfcollector <> - format: event config:0-7 mask:0-7
44 [140623922493248] INFO perfrun.perfcollector <> - format: umask config:8-15 mask:8-15
44 [140623922493248] INFO perfrun.perfcollector <> - format: filter_c6 config1:61 mask:61
44 [140623922493248] INFO perfrun.perfcollector <> - format: filter_nc config1:62 mask:62
44 [140623922493248] INFO perfrun.perfcollector <> - format: filter_isoc config1:63 mask:63
45 [140623922493248] INFO perfrun.perfcollector <> - format: filter_link config1:6-8 mask:6-8
45 [140623922493248] INFO perfrun.perfcollector <> - format: filter_nid config1:32-47 mask:32-47
45 [140623922493248] INFO perfrun.perfcollector <> - format: filter_opc config1:52-60 mask:52-60
45 [140623922493248] INFO perfrun.perfcollector <> - format: filter_tid config1:0-5 mask:0-5
45 [140623922493248] INFO perfrun.perfcollector <> - format: tid_en config:19 mask:19
45 [140623922493248] INFO perfrun.perfcollector <> - format: thresh config:24-31 mask:24-31
45 [140623922493248] INFO perfrun.perfcollector <> - format: filter_state config1:17-23 mask:17-23
45 [140623922493248] WARN perfrun.perfcollector <> - pmu hwInfo is not set, at file: vcs/perfrun1/plugins/perfcollector/src/controller.cpp:670
45 [140623922493248] INFO perfrun.perfcollector <> - pmu added : family : uncore_cbox , id : 6
45 [140623922493248] INFO perfrun.perfcollector <> - dir found : /sys/bus/event_source/devices/uncore_cbox_7
45 [140623922493248] INFO perfrun.perfcollector <> - format: edge config:18 mask:18
45 [140623922493248] INFO perfrun.perfcollector <> - format: event config:0-7 mask:0-7
45 [140623922493248] INFO perfrun.perfcollector <> - format: umask config:8-15 mask:8-15
45 [140623922493248] INFO perfrun.perfcollector <> - format: filter_c6 config1:61 mask:61
45 [140623922493248] INFO perfrun.perfcollector <> - format: filter_nc config1:62 mask:62
45 [140623922493248] INFO perfrun.perfcollector <> - format: filter_isoc config1:63 mask:63
45 [140623922493248] INFO perfrun.perfcollector <> - format: filter_link config1:6-8 mask:6-8
45 [140623922493248] INFO perfrun.perfcollector <> - format: filter_nid config1:32-47 mask:32-47
45 [140623922493248] INFO perfrun.perfcollector <> - format: filter_opc config1:52-60 mask:52-60
45 [140623922493248] INFO perfrun.perfcollector <> - format: filter_tid config1:0-5 mask:0-5
45 [140623922493248] INFO perfrun.perfcollector <> - format: tid_en config:19 mask:19
45 [140623922493248] INFO perfrun.perfcollector <> - format: thresh config:24-31 mask:24-31
45 [140623922493248] INFO perfrun.perfcollector <> - format: filter_state config1:17-23 mask:17-23
45 [140623922493248] WARN perfrun.perfcollector <> - pmu hwInfo is not set, at file: vcs/perfrun1/plugins/perfcollector/src/controller.cpp:670
45 [140623922493248] INFO perfrun.perfcollector <> - pmu added : family : uncore_cbox , id : 7
45 [140623922493248] INFO perfrun.perfcollector <> - dir found : /sys/bus/event_source/devices/uncore_cbox_8
45 [140623922493248] INFO perfrun.perfcollector <> - format: edge config:18 mask:18
45 [140623922493248] INFO perfrun.perfcollector <> - format: event config:0-7 mask:0-7
45 [140623922493248] INFO perfrun.perfcollector <> - format: umask config:8-15 mask:8-15
45 [140623922493248] INFO perfrun.perfcollector <> - format: filter_c6 config1:61 mask:61
45 [140623922493248] INFO perfrun.perfcollector <> - format: filter_nc config1:62 mask:62
45 [140623922493248] INFO perfrun.perfcollector <> - format: filter_isoc config1:63 mask:63
45 [140623922493248] INFO perfrun.perfcollector <> - format: filter_link config1:6-8 mask:6-8
45 [140623922493248] INFO perfrun.perfcollector <> - format: filter_nid config1:32-47 mask:32-47
45 [140623922493248] INFO perfrun.perfcollector <> - format: filter_opc config1:52-60 mask:52-60
45 [140623922493248] INFO perfrun.perfcollector <> - format: filter_tid config1:0-5 mask:0-5
46 [140623922493248] INFO perfrun.perfcollector <> - format: tid_en config:19 mask:19
46 [140623922493248] INFO perfrun.perfcollector <> - format: thresh config:24-31 mask:24-31
46 [140623922493248] INFO perfrun.perfcollector <> - format: filter_state config1:17-23 mask:17-23
46 [140623922493248] WARN perfrun.perfcollector <> - pmu hwInfo is not set, at file: vcs/perfrun1/plugins/perfcollector/src/controller.cpp:670
46 [140623922493248] INFO perfrun.perfcollector <> - pmu added : family : uncore_cbox , id : 8
46 [140623922493248] INFO perfrun.perfcollector <> - dir found : /sys/bus/event_source/devices/uncore_cbox_9
46 [140623922493248] INFO perfrun.perfcollector <> - format: edge config:18 mask:18
46 [140623922493248] INFO perfrun.perfcollector <> - format: event config:0-7 mask:0-7
46 [140623922493248] INFO perfrun.perfcollector <> - format: umask config:8-15 mask:8-15
46 [140623922493248] INFO perfrun.perfcollector <> - format: filter_c6 config1:61 mask:61
46 [140623922493248] INFO perfrun.perfcollector <> - format: filter_nc config1:62 mask:62
46 [140623922493248] INFO perfrun.perfcollector <> - format: filter_isoc config1:63 mask:63
46 [140623922493248] INFO perfrun.perfcollector <> - format: filter_link config1:6-8 mask:6-8
46 [140623922493248] INFO perfrun.perfcollector <> - format: filter_nid config1:32-47 mask:32-47
46 [140623922493248] INFO perfrun.perfcollector <> - format: filter_opc config1:52-60 mask:52-60
46 [140623922493248] INFO perfrun.perfcollector <> - format: filter_tid config1:0-5 mask:0-5
46 [140623922493248] INFO perfrun.perfcollector <> - format: tid_en config:19 mask:19
46 [140623922493248] INFO perfrun.perfcollector <> - format: thresh config:24-31 mask:24-31
46 [140623922493248] INFO perfrun.perfcollector <> - format: filter_state config1:17-23 mask:17-23
46 [140623922493248] WARN perfrun.perfcollector <> - pmu hwInfo is not set, at file: vcs/perfrun1/plugins/perfcollector/src/controller.cpp:670
46 [140623922493248] INFO perfrun.perfcollector <> - pmu added : family : uncore_cbox , id : 9
46 [140623922493248] INFO perfrun.perfcollector <> - dir found : /sys/bus/event_source/devices/uncore_r2pcie
46 [140623922493248] INFO perfrun.perfcollector <> - format: inv config:23 mask:23
46 [140623922493248] INFO perfrun.perfcollector <> - format: edge config:18 mask:18
46 [140623922493248] INFO perfrun.perfcollector <> - format: event config:0-7 mask:0-7
46 [140623922493248] INFO perfrun.perfcollector <> - format: umask config:8-15 mask:8-15
46 [140623922493248] INFO perfrun.perfcollector <> - format: thresh config:24-31 mask:24-31
46 [140623922493248] WARN perfrun.perfcollector <> - pmu hwInfo is not set, at file: vcs/perfrun1/plugins/perfcollector/src/controller.cpp:670
46 [140623922493248] INFO perfrun.perfcollector <> - pmu added : family : uncore_r2pcie , id : 0
46 [140623922493248] INFO perfrun.perfcollector <> - dir found : /sys/bus/event_source/devices/uncore_r3qpi_0
46 [140623922493248] INFO perfrun.perfcollector <> - format: inv config:23 mask:23
46 [140623922493248] INFO perfrun.perfcollector <> - format: edge config:18 mask:18
46 [140623922493248] INFO perfrun.perfcollector <> - format: event config:0-7 mask:0-7
46 [140623922493248] INFO perfrun.perfcollector <> - format: umask config:8-15 mask:8-15
46 [140623922493248] INFO perfrun.perfcollector <> - format: thresh config:24-31 mask:24-31
47 [140623922493248] WARN perfrun.perfcollector <> - pmu hwInfo is not set, at file: vcs/perfrun1/plugins/perfcollector/src/controller.cpp:670
47 [140623922493248] INFO perfrun.perfcollector <> - pmu added : family : uncore_r3qpi , id : 0
47 [140623922493248] INFO perfrun.perfcollector <> - dir found : /sys/bus/event_source/devices/uncore_r3qpi_1
47 [140623922493248] INFO perfrun.perfcollector <> - format: inv config:23 mask:23
47 [140623922493248] INFO perfrun.perfcollector <> - format: edge config:18 mask:18
47 [140623922493248] INFO perfrun.perfcollector <> - format: event config:0-7 mask:0-7
47 [140623922493248] INFO perfrun.perfcollector <> - format: umask config:8-15 mask:8-15
47 [140623922493248] INFO perfrun.perfcollector <> - format: thresh config:24-31 mask:24-31
47 [140623922493248] WARN perfrun.perfcollector <> - pmu hwInfo is not set, at file: vcs/perfrun1/plugins/perfcollector/src/controller.cpp:670
47 [140623922493248] INFO perfrun.perfcollector <> - pmu added : family : uncore_r3qpi , id : 1
47 [140623922493248] INFO perfrun.perfcollector <> - dir found : /sys/bus/event_source/devices/uncore_sbox_0
47 [140623922493248] INFO perfrun.perfcollector <> - format: inv config:23 mask:23
47 [140623922493248] INFO perfrun.perfcollector <> - format: edge config:18 mask:18
47 [140623922493248] INFO perfrun.perfcollector <> - format: event config:0-7 mask:0-7
47 [140623922493248] INFO perfrun.perfcollector <> - format: umask config:8-15 mask:8-15
47 [140623922493248] INFO perfrun.perfcollector <> - format: tid_en config:19 mask:19
47 [140623922493248] INFO perfrun.perfcollector <> - format: thresh config:24-31 mask:24-31
47 [140623922493248] WARN perfrun.perfcollector <> - pmu hwInfo is not set, at file: vcs/perfrun1/plugins/perfcollector/src/controller.cpp:670
47 [140623922493248] INFO perfrun.perfcollector <> - pmu added : family : uncore_sbox , id : 0
47 [140623922493248] INFO perfrun.perfcollector <> - dir found : /sys/bus/event_source/devices/uncore_sbox_1
47 [140623922493248] INFO perfrun.perfcollector <> - format: inv config:23 mask:23
47 [140623922493248] INFO perfrun.perfcollector <> - format: edge config:18 mask:18
47 [140623922493248] INFO perfrun.perfcollector <> - format: event config:0-7 mask:0-7
47 [140623922493248] INFO perfrun.perfcollector <> - format: umask config:8-15 mask:8-15
47 [140623922493248] INFO perfrun.perfcollector <> - format: tid_en config:19 mask:19
47 [140623922493248] INFO perfrun.perfcollector <> - format: thresh config:24-31 mask:24-31
47 [140623922493248] WARN perfrun.perfcollector <> - pmu hwInfo is not set, at file: vcs/perfrun1/plugins/perfcollector/src/controller.cpp:670
47 [140623922493248] INFO perfrun.perfcollector <> - pmu added : family : uncore_sbox , id : 1
47 [140623922493248] INFO perfrun.perfcollector <> - dir found : /sys/bus/event_source/devices/uncore_sbox_2
47 [140623922493248] INFO perfrun.perfcollector <> - format: inv config:23 mask:23
47 [140623922493248] INFO perfrun.perfcollector <> - format: edge config:18 mask:18
47 [140623922493248] INFO perfrun.perfcollector <> - format: event config:0-7 mask:0-7
47 [140623922493248] INFO perfrun.perfcollector <> - format: umask config:8-15 mask:8-15
47 [140623922493248] INFO perfrun.perfcollector <> - format: tid_en config:19 mask:19
47 [140623922493248] INFO perfrun.perfcollector <> - format: thresh config:24-31 mask:24-31
47 [140623922493248] WARN perfrun.perfcollector <> - pmu hwInfo is not set, at file: vcs/perfrun1/plugins/perfcollector/src/controller.cpp:670
48 [140623922493248] INFO perfrun.perfcollector <> - pmu added : family : uncore_sbox , id : 2
48 [140623922493248] INFO perfrun.perfcollector <> - dir found : /sys/bus/event_source/devices/uncore_sbox_3
48 [140623922493248] INFO perfrun.perfcollector <> - format: inv config:23 mask:23
48 [140623922493248] INFO perfrun.perfcollector <> - format: edge config:18 mask:18
48 [140623922493248] INFO perfrun.perfcollector <> - format: event config:0-7 mask:0-7
48 [140623922493248] INFO perfrun.perfcollector <> - format: umask config:8-15 mask:8-15
48 [140623922493248] INFO perfrun.perfcollector <> - format: tid_en config:19 mask:19
48 [140623922493248] INFO perfrun.perfcollector <> - format: thresh config:24-31 mask:24-31
48 [140623922493248] WARN perfrun.perfcollector <> - pmu hwInfo is not set, at file: vcs/perfrun1/plugins/perfcollector/src/controller.cpp:670
48 [140623922493248] INFO perfrun.perfcollector <> - pmu added : family : uncore_sbox , id : 3
48 [140623922493248] INFO perfrun.perfcollector <> - dir found : /sys/bus/event_source/devices/cstate_core
48 [140623922493248] INFO perfrun.perfcollector <> - format: event config:0-63 mask:0-63
48 [140623922493248] WARN perfrun.perfcollector <> - pmu hwInfo is not set, at file: vcs/perfrun1/plugins/perfcollector/src/controller.cpp:670
48 [140623922493248] INFO perfrun.perfcollector <> - pmu added : family : cstate_core , id : 0
48 [140623922493248] INFO perfrun.perfcollector <> - dir found : /sys/bus/event_source/devices/cstate_pkg
48 [140623922493248] INFO perfrun.perfcollector <> - format: event config:0-63 mask:0-63
48 [140623922493248] WARN perfrun.perfcollector <> - pmu hwInfo is not set, at file: vcs/perfrun1/plugins/perfcollector/src/controller.cpp:670
48 [140623922493248] INFO perfrun.perfcollector <> - pmu added : family : cstate_pkg , id : 0
48 [140623922493248] INFO perfrun.perfcollector <> - dir found : /sys/bus/event_source/devices/intel_bts
48 [140623922493248] WARN perfrun.perfcollector <> - format subdir doesn't exist, at file: vcs/perfrun1/plugins/perfcollector/src/controller.cpp:591
48 [140623922493248] WARN perfrun.perfcollector <> - pmu hwInfo is not set, at file: vcs/perfrun1/plugins/perfcollector/src/controller.cpp:670
48 [140623922493248] INFO perfrun.perfcollector <> - pmu added : family : intel_bts , id : 0
48 [140623922493248] INFO perfrun.perfcollector <> - dir found : /sys/bus/event_source/devices/intel_cqm
48 [140623922493248] INFO perfrun.perfcollector <> - format: event config:0-7 mask:0-7
48 [140623922493248] WARN perfrun.perfcollector <> - pmu hwInfo is not set, at file: vcs/perfrun1/plugins/perfcollector/src/controller.cpp:670
48 [140623922493248] INFO perfrun.perfcollector <> - pmu added : family : intel_cqm , id : 0
48 [140623922493248] INFO perfrun.perfcollector <> - dir found : /sys/bus/event_source/devices/breakpoint
48 [140623922493248] WARN perfrun.perfcollector <> - format subdir doesn't exist, at file: vcs/perfrun1/plugins/perfcollector/src/controller.cpp:591
48 [140623922493248] WARN perfrun.perfcollector <> - pmu hwInfo is not set, at file: vcs/perfrun1/plugins/perfcollector/src/controller.cpp:670
48 [140623922493248] INFO perfrun.perfcollector <> - pmu added : family : breakpoint , id : 0
48 [140623922493248] INFO perfrun.perfcollector <> - dir found : /sys/bus/event_source/devices/uncore_ha_0
48 [140623922493248] INFO perfrun.perfcollector <> - format: inv config:23 mask:23
48 [140623922493248] INFO perfrun.perfcollector <> - format: edge config:18 mask:18
48 [140623922493248] INFO perfrun.perfcollector <> - format: event config:0-7 mask:0-7
48 [140623922493248] INFO perfrun.perfcollector <> - format: umask config:8-15 mask:8-15
48 [140623922493248] INFO perfrun.perfcollector <> - format: thresh config:24-31 mask:24-31
48 [140623922493248] WARN perfrun.perfcollector <> - pmu hwInfo is not set, at file: vcs/perfrun1/plugins/perfcollector/src/controller.cpp:670
48 [140623922493248] INFO perfrun.perfcollector <> - pmu added : family : uncore_ha , id : 0
48 [140623922493248] INFO perfrun.perfcollector <> - dir found : /sys/bus/event_source/devices/uncore_ha_1
48 [140623922493248] INFO perfrun.perfcollector <> - format: inv config:23 mask:23
49 [140623922493248] INFO perfrun.perfcollector <> - format: edge config:18 mask:18
49 [140623922493248] INFO perfrun.perfcollector <> - format: event config:0-7 mask:0-7
49 [140623922493248] INFO perfrun.perfcollector <> - format: umask config:8-15 mask:8-15
49 [140623922493248] INFO perfrun.perfcollector <> - format: thresh config:24-31 mask:24-31
49 [140623922493248] WARN perfrun.perfcollector <> - pmu hwInfo is not set, at file: vcs/perfrun1/plugins/perfcollector/src/controller.cpp:670
49 [140623922493248] INFO perfrun.perfcollector <> - pmu added : family : uncore_ha , id : 1
49 [140623922493248] INFO perfrun.perfcollector <> - dir found : /sys/bus/event_source/devices/uncore_ubox
49 [140623922493248] INFO perfrun.perfcollector <> - format: inv config:23 mask:23
49 [140623922493248] INFO perfrun.perfcollector <> - format: edge config:18 mask:18
49 [140623922493248] INFO perfrun.perfcollector <> - format: event config:0-7 mask:0-7
49 [140623922493248] INFO perfrun.perfcollector <> - format: umask config:8-15 mask:8-15
49 [140623922493248] INFO perfrun.perfcollector <> - format: filter_cid config1:5 mask:5
49 [140623922493248] INFO perfrun.perfcollector <> - format: filter_tid config1:0 mask:0
49 [140623922493248] INFO perfrun.perfcollector <> - format: thresh config:24-28 mask:24-28
49 [140623922493248] WARN perfrun.perfcollector <> - pmu hwInfo is not set, at file: vcs/perfrun1/plugins/perfcollector/src/controller.cpp:670
49 [140623922493248] INFO perfrun.perfcollector <> - pmu added : family : uncore_ubox , id : 0
49 [140623922493248] INFO perfrun.launcher <> - plugin perf has been added successfully
49 [140623922493248] INFO perfrun.launcher <> - plugin tpss has been added successfully
49 [140623922493248] INFO perfrun.launcher <> - plugin exprof has been added successfully
49 [140623922493248] INFO perfrun.launcher <> - plugin media has been added successfully
49 [140623922493248] INFO perfrun.launcher <> - plugin cve has been added successfully
49 [140623922493248] INFO perfrun.launcher <> - plugin  has been added successfully
49 [140623922493248] INFO perfrun.launcher <> - plugin  has been added successfully
50 [140623922493248] INFO perfrun.launcher <> - the option was added --interval: Specify an interval of data collection (for example, sampling) in milliseconds.
50 [140623922493248] INFO perfrun.launcher <> - the option was added --follow-child: Profile process with or without children.
50 [140623922493248] INFO perfrun.launcher <> - the option was added --gelding: BADMSG: perfrun1.launcher.plugin_manager::gelding
50 [140623922493248] INFO perfrun.launcher <> - the option was added --time-source: Specify time source for measurement. Possible values: sys - wall clock time; tsc - time stamp counter; ext - time from an external source; auto - auto select accurate time source.
50 [140623922493248] INFO perfrun.launcher <> - the option was added --stack: Enable or disable collection of stacks.
50 [140623922493248] INFO perfrun.launcher <> - the option was added --stack-stitching: Enable or disable the stack stitching algorithm for Intel TBB-based applications.
50 [140623922493248] INFO perfrun.launcher <> - the option was added --type: Specify type of data to be collected. For example, --type cpu:counters,waiting:nostack,io.
50 [140623922493248] INFO perfrun.launcher <> - the option was added --mrte-mode: Specify Java/.NET/other managed runtime collection mode. Possible values: native - collect information only for native code; managed - collect information only for managed code; mixed - collect information for both managed and native code; auto - choose the mode based on binary type.
50 [140623922493248] INFO perfrun.launcher <> - the option was added --mrte-mode-list: List supported Java/.NET/other managed runtime collection modes.
51 [140623922493248] INFO perfrun.launcher <> - the option was added --mrte-type: Specify which managed runtimes to collect. Possible values: java - collect information for Java; dotnet - collect information for .NET; python - collect information for CPython. You can specify several values separated by comma.
51 [140623922493248] INFO perfrun.launcher <> - the option was added --mrte-type-list: List supported Java/.NET/other managed runtime types.
51 [140623922493248] INFO perfrun.launcher <> - the option was added --trace-strategy: Specify how to profile a process tree. <string> can be "<process>:trace:notrace" - profile the process but do not profile its children. Shorthand parameters: t - trace, nt - notrace. For example, "vtunedemo.exe:t:t".
51 [140623922493248] INFO perfrun.launcher <> - the option was added --collector: BADMSG: perfrun1.launcher.plugin_manager::collector
51 [140623922493248] INFO perfrun.launcher <> - the option was added --system-wide: Enable system-wide profiling. This mode may require additional permissions.
51 [140623922493248] INFO perfrun.launcher <> - the option was added --kvm-guest: Enable KVM guest OS profiling.
51 [140623922493248] INFO perfrun.launcher <> - the option was added --kvm-guest-kallsyms: Specify a local path to the /proc/kallsyms file copied from the guest OS for proper symbol resolution.
51 [140623922493248] INFO perfrun.launcher <> - the option was added --kvm-guest-modules: Specify a local path to the /proc/modules file copied from the guest OS for proper symbol resolution.
51 [140623922493248] INFO perfrun.launcher <> - the option was added --dump-vdso: Dump [vdso] to result directory
51 [140623922493248] INFO perfrun.launcher <> - the option was added --bandwidth-limits: Measure bandwidth limits
51 [140623922493248] INFO perfrun.launcher <> - the option was added --bandwidth-strategy: Bandwidth limits determination specific properties (example: --bandwidth-strategy array-size=0,duration=500).
51 [140623922493248] INFO perfrun.launcher <> - the option was added --bandwidth-config: List of benchmarks to run.
51 [140623922493248] INFO perfrun.launcher <> - the option was added --system-collector-config: Specify subcollectors. Possible values: all, vdso, container, device-info, none.
51 [140623922493248] INFO perfrun.launcher <> - the option was added --itt-config: Specify a sub-set of ITT API to collect.
51 [140623922493248] INFO perfrun.launcher <> - the option was added --itt-debug: Set pseudo-breakpoint at ITT API collector's start to enable the debugger to attach early.
52 [140623922493248] INFO perfrun.launcher <> - the option was added --itt-ring-buffer-multiplier: The size of internal ITT API collector ring buffer, in bytes per second
52 [140623922493248] INFO perfrun.launcher <> - the option was added --ptrace: Ptrace collector.
52 [140623922493248] INFO perfrun.launcher <> - the option was added --target-pid: BADMSG: perfrun1.ptracecollector::target-pid
52 [140623922493248] INFO perfrun.launcher <> - the option was added --ptrace-server-pid: BADMSG: perfrun1.ptracecollector::ptrace-server-pid
52 [140623922493248] INFO perfrun.launcher <> - the option was added --ptrace-trace: BADMSG: perfrun1.ptracecollector::ptrace-trace
52 [140623922493248] INFO perfrun.launcher <> - the option was added --ptrace-time-source: BADMSG: perfrun1.ptracecollector::ptrace-time-source
52 [140623922493248] INFO perfrun.launcher <> - the option was added --ptrace-start-type: BADMSG: perfrun1.ptracecollector::ptrace-start-type
52 [140623922493248] INFO perfrun.launcher <> - the option was added --gpu-config: Specify types of GPU data to be collected. Possible values: preset1, preset2.
52 [140623922493248] INFO perfrun.launcher <> - the option was added --gpu-debug: Enable self-testing of the GPGPU profiling collector.
52 [140623922493248] INFO perfrun.launcher <> - the option was added --custom-collector: Allows to provide arbitrary command line to be run on collection steps.
52 [140623922493248] INFO perfrun.launcher <> - the option was added --stdsrc-config: Specify Standard Sources category tag(s).
52 [140623922493248] INFO perfrun.launcher <> - the option was added --ftrace-config-list: List Linux Ftrace category tag(s).
52 [140623922493248] INFO perfrun.launcher <> - the option was added --ftrace-config: Specify Linux Ftrace category tag(s).
52 [140623922493248] INFO perfrun.launcher <> - the option was added --ftrace-function-groups: Enable tracing of specific groups of functions.
52 [140623922493248] INFO perfrun.launcher <> - the option was added --event-info: BADMSG: perfrun1.stdsrc::event-info
53 [140623922493248] INFO perfrun.launcher <> - the option was added --cpu-list: List supported CPUs.
53 [140623922493248] INFO perfrun.launcher <> - the option was added --target-list: List available targets for performing sampling collection.
53 [140623922493248] INFO perfrun.launcher <> - the option was added --event-value-list: Display event information.
53 [140623922493248] INFO perfrun.launcher <> - the option was added --platform-value-list: Display details of supported platforms.
53 [140623922493248] INFO perfrun.launcher <> - the option was added --uncore-event-list: List uncore events for which a sampling data collection can be performed on this platform.
53 [140623922493248] INFO perfrun.launcher <> - the option was added --modifier-list: Specify the event name <string> for which the modifiers list is requested.
53 [140623922493248] INFO perfrun.launcher <> - the option was added --pmu-list: List supported PMUs.
53 [140623922493248] INFO perfrun.launcher <> - the option was added --os-mode-only: Enable sampling data collection for OS-mode processes only.
53 [140623922493248] INFO perfrun.launcher <> - the option was added --user-mode-only: Enable sampling data collection for user-mode processes only.
53 [140623922493248] INFO perfrun.launcher <> - the option was added --event-config: Perform data collection for the events with <string> configured using the format <event name1>":modifier1=val:modifier2=val/constraint1={:modifier3=val:modifier4=val}...,"<event name2>":... Specify the events(s) to monitor and embed the event names within double quotes("). [:modifier=val] specifies individual event modifiers along with the respective values for a given platform. Note that the modifiers can be generic to an event as well as specific to a constraint (or an event qualifier). The constraint specific special modifiers appear after [/constraint=]. The modifiers can be in decimal or hexadecimal format. Only specific modifiers accept the value as a string. Each event specification is delimited by a comma (,). For a list of supported modifiers and constraints, refer to the documentation.
53 [140623922493248] INFO perfrun.launcher <> - the option was added --chipset-event-config: Perform data collection for the chipset events with <string> configured using the format "<event name1>"...,"<event name2>":... Specify the events(s) to monitor and embed the event names within double quotes(").
53 [140623922493248] INFO perfrun.launcher <> - the option was added --uncore-event-config: Perform uncore data collection in ebc count mode for the events with <string> configured using the format "<event name1>"...,"<event name2>":... Specify the events(s) to monitor and embed the event names within double quotes(").
53 [140623922493248] INFO perfrun.launcher <> - the option was added --count-emon: Enable counting mode and output the data in EMON format.
53 [140623922493248] INFO perfrun.launcher <> - the option was added --event-based-counts: Enable event-based counting mode. During sampling data collection, event counts data is collected for the list of events specified in -event-config option.
53 [140623922493248] INFO perfrun.launcher <> - the option was added --event-mux-tfactor: Specify the event multiplexing tfactor as <integer> to set the length of the interval between interrupts. The larger the tfactor value, the larger the period between interrupts. Currently this option is only available on Intel platforms codenamed Knights Corner.
53 [140623922493248] INFO perfrun.launcher <> - the option was added --full-pebs-capture: Capture full pebs information.
53 [140623922493248] INFO perfrun.launcher <> - the option was added --last-branch-records: Capture Last Branch Records information.
53 [140623922493248] INFO perfrun.launcher <> - the option was added --pmu-type: Specify the targeted PMU name as <string>.
54 [140623922493248] INFO perfrun.launcher <> - the option was added --platform-type: Specify the targeted platform number as <number>.
54 [140623922493248] INFO perfrun.launcher <> - the option was added --p-state-trigger: Specify the name of the trigger event for P-state data as <string>. The default trigger is CPU_CLK_UNHALTED.REF_TSC.
54 [140623922493248] INFO perfrun.launcher <> - the option was added --bts-count: Specify the <integer> number of BTS records collected after each sample or context switch (VTSS++ only).
54 [140623922493248] INFO perfrun.launcher <> - the option was added --cpu-mask: Specify which CPU(s) <string> to collect data on. For example, specify "2-8,10,12-14" to sample only CPUs 2 through 8, 10, and 12 through 14.
54 [140623922493248] INFO perfrun.launcher <> - the option was added --event-mux-alg: Specify the event multiplexing algorithm. Possible values: sequence, timer, trigger.
54 [140623922493248] INFO perfrun.launcher <> - the option was added --event-mux-timeslice: Specify the event multiplexing time slice value as <integer>. The time slice specifies the duration between cycles for each event multiplexing group. The default value is 50 milliseconds. This option is valid only for timer-based event multiplexing. Specify the event multiplexing time slice value as <integer>. The time slice specifies the duration between cycles for each event multiplexing group. The default value is 1 millisecond. This option is valid only for timer-based event multiplexing.
54 [140623922493248] INFO perfrun.launcher <> - the option was added --event-mux-factor: Specify the event multiplexing factor as <integer>. It controls the switching of event multiplexing groups. The default factor is 50. This option is valid only for trigger-based event multiplexing. Specify the event multiplexing factor as <integer>. It controls the switching of event multiplexing groups. The default factor is 1. This option is valid only for trigger-based event multiplexing.
54 [140623922493248] INFO perfrun.launcher <> - the option was added --event-mux-trigger: Specify the name of the trigger event for event multiplexing as <string>. This option is valid only for trigger-based event multiplexing. The default trigger is CPU_CLK_UNHALTED.CORE (or CPU_CLK_UNHALTED.THREAD). BADMSG: perfrun1.vtsspp::event-mux-trigger
54 [140623922493248] INFO perfrun.launcher <> - the option was added --pwr-config: BADMSG: perfrun1.vtsspp::pwr-config
54 [140623922493248] INFO perfrun.launcher <> - the option was added --pt-mode: BADMSG: perfrun1.vtsspp::pt-mode
54 [140623922493248] INFO perfrun.launcher <> - the option was added --sample-after-multiplier: Specify the sample after multiplier as <double>. This multiplier modifies the sample after value for all the events specified in -event-config option. The values can range from 0.1 to 100.0. SAV multiplier value
54 [140623922493248] INFO perfrun.launcher <> - the option was added --uncore-sampling-interval: Specify the uncore sampling interval as <integer>. This value set the uncore sampling interval for all the uncore events specified in -event-config option.
54 [140623922493248] INFO perfrun.launcher <> - the option was added --count: Enable counting mode. Enable counting mode
54 [140623922493248] INFO perfrun.launcher <> - the option was added --trace-mpi: Configure collector to trace MPI code.
54 [140623922493248] INFO perfrun.launcher <> - the option was added --raw-perf-config: Specify a verified configuration for the Perf collector in the format: <describer>,<content>. For example: map-events-file,<path_to_map_events_file>.
54 [140623922493248] INFO perfrun.launcher <> - the option was added --sys-config: BADMSG: perfrun1.vtsspp::sys-config Specify types of system data to be collected. Supported value: cswitch - collect context switch information.
55 [140623922493248] INFO perfrun.launcher <> - the option was added --perf-event-config: Specify events for Perf collector in Perf format. For example: perf-event-config=cpu-clock.
55 [140623922493248] INFO perfrun.launcher <> - the option was added --stackwalk: Specify stack unwinding method. Possible values: online - unwind stacks during collection; offline - unwind stacks after collection is finished. Specify stack unwinding method. Possible value: lbr - unwind stacks during collection. Specify stack unwinding method. Possible values: online - unwind stacks during collection; offline - unwind stacks after collection is finished; lbr - enable LBR-based call stack collection. Specify stack unwinding method. Possible values: online - unwind stacks during collection; offline - unwind stacks after collection is finished. Specify stack unwinding method. Possible values: online - unwind stacks during collection; offline - unwind stacks after collection is finished.
55 [140623922493248] INFO perfrun.launcher <> - the option was added --filter-include: Filter data during collection. Possible values: contended=<on|off> - filter out uncontended events; contended_nostack=<time> - filter out stacks for contended events that take less than <time> microseconds; wait=<time> - ignore transitions and blocks with wait time less than <time> microseconds; wait_nostack=<time> - filter out stacks for waits that take less than <time> microseconds.
55 [140623922493248] INFO perfrun.launcher <> - the option was added --debug-pin: Debug PIN tool and runtime.
55 [140623922493248] INFO perfrun.launcher <> - the option was added --debug-exception: Disallow the application to set own abnormal termination handler.
55 [140623922493248] INFO perfrun.launcher <> - the option was added --trace-type: Specify the trace file granularity. Possible values: per-thread - per-thread trace file generation; per-process - per-process trace file generation.
55 [140623922493248] INFO perfrun.launcher <> - the option was added --instrumentation-type: Specify type of instrumentation.
55 [140623922493248] INFO perfrun.launcher <> - the option was added --altstack: Enable or disable usage of altstacks for profiling signal handlers.
55 [140623922493248] INFO perfrun.launcher <> - the option was added --profiling-signal: BADMSG: perfrun1.ptracecollector::profiling-signal Alternate profiling signal.
55 [140623922493248] INFO perfrun.launcher <> - the option was added --memory-strategy: Specify a minimal memory object size to be traced and a hash table size for faster objects search; for example: --memory-strategy obj-size-min=1024,hash-table-size=4096.
55 [140623922493248] INFO perfrun.launcher <> - the option was added --gpu-profiling-config: Specify a type of deep GPU profiling applied for all kernels and a comma-separated list of GPU kernel names and invocations in the following format: profiling_type[@kernel_name[:start_idx:step:stop_idx]], where profiling_type is one of following: none, bblatency, memlatency; kernel_name is the name of GPU kernel; start_idx is the number of the first invocation; and stop_idx is the number of the last invocation to be profiled.
55 [140623922493248] INFO perfrun.launcher <> - the option was added --exprof-com-list: List available COM ports.
55 [140623922493248] INFO perfrun.launcher <> - the option was added --exprof-dvc-list: List available DvC IDs.
55 [140623922493248] INFO perfrun.launcher <> - the option was added --exprof-trace-channel: BADMSG: perfrun1.exprof::exprof-trace-channel
55 [140623922493248] INFO perfrun.launcher <> - the option was added --exprof-event-config: Specify ExactProfiling Event Classes.
63 [140623922493248] INFO perfrun.launcher <> - create msngr2::ICliToolContext
63 [140623922493248] INFO perfrun.launcher <> - create file finder object
64 [140623922493248] INFO perfrun.launcher <> - create a result directory: pattern = /home/cc/intel/vtune_amplifier_2019.1.0.579888/r005hs pid = 4294967295
68 [140623922493248] INFO perfrun.sdk <> - checked that the directory /home/cc/intel/vtune_amplifier_2019.1.0.579888/r005hs is a local directory
68 [140623922493248] INFO perfrun.sdk <> - the directory /home/cc/intel/vtune_amplifier_2019.1.0.579888/r005hs is a local directory with FS type ID 61267
68 [140623922493248] INFO perfrun.launcher <> - create data directory = /home/cc/intel/vtune_amplifier_2019.1.0.579888/r005hs/data.0
69 [140623922493248] INFO perfrun.launcher <> - Creating the master collection flag
83 [140623922493248] INFO perfrun.launcher <> - Done creating the master collection flag
93 [140623812740864] INFO perfrun.launcher <> - plugin [remoteplug] was disabled because it doesn't support the given collection type.
97 [140623812740864] INFO perfrun.sdk <> - Allocating TMU :/home/cc/intel/vtune_amplifier_2019.1.0.579888/r005hs/data.0/systemcollector-37219-xtask-slayers.sc
97 [140623812740864] INFO perfrun.system <> - Tpss based collection
97 [140623812740864] INFO perfrun.launcher <> - plugin [ptracecollector] was disabled because it doesn't support the given collection type.
97 [140623812740864] INFO perfrun.launcher <> - plugin [gpu] was disabled because it doesn't support the given collection type.
97 [140623812740864] INFO perfrun.launcher <> - plugin [] was disabled because it doesn't support the given collection type.
97 [140623812740864] INFO perfrun.launcher <> - plugin [] was disabled because it doesn't support the given collection type.
97 [140623812740864] INFO perfrun.launcher <> - plugin [] was disabled because it doesn't support the given collection type.
97 [140623812740864] INFO perfrun.launcher <> - plugin [mrte] was disabled because it doesn't support the given collection type.
97 [140623812740864] INFO perfrun.launcher <> - plugin [emon] was disabled because it doesn't support the given collection type.
97 [140623812740864] INFO perfrun.launcher <> - plugin [cuscol] was disabled because it doesn't support the given collection type.
97 [140623812740864] INFO perfrun.launcher <> - plugin [stdsrc] was disabled because it doesn't support the given collection type.
97 [140623812740864] INFO perfrun.launcher <> - plugin [sep] was disabled because it doesn't support the given collection type.
98 [140623812740864] INFO perfrun.launcher <> - plugin [vtsspp] was disabled because it doesn't support the given collection type.
98 [140623812740864] INFO perfrun.perfcollector <> - SepDryRunCmd: /home/cc/intel/vtune_amplifier_2019.1.0.579888/bin64/sep -dry-run -sam 1 -ec "CPU_CLK_UNHALTED.THREAD:sa=2300000,CPU_CLK_UNHALTED.REF_TSC:sa=2300000,INST_RETIRED.ANY:sa=2300000,CPU_CLK_UNHALTED.REF_XCLK:sa=100003,CPU_CLK_UNHALTED.ONE_THREAD_ACTIVE:sa=100003,UOPS_RETIRED.RETIRE_SLOTS:sa=2000003" -experimental
115 [140623812740864] INFO perfrun.perfcollector <> - SepDryRun RC = true
115 [140623812740864] INFO perfrun.perfcollector <> - DRY_RUN : "PMU type: Core"
126 [140623812740864] INFO perfrun.perfcollector <> - pmu type : cpu
126 [140623812740864] INFO perfrun.perfcollector <> - DRY_RUN : "Group 0:"
126 [140623812740864] INFO perfrun.perfcollector <> - id : 0
126 [140623812740864] INFO perfrun.perfcollector <> - DRY_RUN : "INST_RETIRED.ANY: event id 2"
126 [140623812740864] INFO perfrun.perfcollector <> - eventName : INST_RETIRED.ANY , eventId : 2
126 [140623812740864] INFO perfrun.perfcollector <> - DRY_RUN : "CPU_CLK_UNHALTED.THREAD: event id 0"
126 [140623812740864] INFO perfrun.perfcollector <> - eventName : CPU_CLK_UNHALTED.THREAD , eventId : 0
126 [140623812740864] INFO perfrun.perfcollector <> - DRY_RUN : "CPU_CLK_UNHALTED.REF_TSC: event id 1"
126 [140623812740864] INFO perfrun.perfcollector <> - eventName : CPU_CLK_UNHALTED.REF_TSC , eventId : 1
126 [140623812740864] INFO perfrun.perfcollector <> - DRY_RUN : "CPU_CLK_UNHALTED.REF_XCLK: event id 3"
126 [140623812740864] INFO perfrun.perfcollector <> - eventName : CPU_CLK_UNHALTED.REF_XCLK , eventId : 3
126 [140623812740864] INFO perfrun.perfcollector <> - DRY_RUN : "CPU_CLK_UNHALTED.ONE_THREAD_ACTIVE: event id 4"
126 [140623812740864] INFO perfrun.perfcollector <> - eventName : CPU_CLK_UNHALTED.ONE_THREAD_ACTIVE , eventId : 4
126 [140623812740864] INFO perfrun.perfcollector <> - DRY_RUN : "UOPS_RETIRED.RETIRE_SLOTS: event id 5"
126 [140623812740864] INFO perfrun.perfcollector <> - eventName : UOPS_RETIRED.RETIRE_SLOTS , eventId : 5
126 [140623812740864] INFO perfrun.perfcollector <> - DRY_RUN : "CCCR"
126 [140623812740864] INFO perfrun.perfcollector <> - DRY_RUN : "reg_type       = 1	event_id       = g	reg_id         = 38f	reg_value      = 700000007"
126 [140623812740864] INFO perfrun.perfcollector <> - eventId : g , ignored
126 [140623812740864] INFO perfrun.perfcollector <> - DRY_RUN : "reg_type       = 1	event_id       = g	reg_id         = 390	reg_value      = 700000007"
126 [140623812740864] INFO perfrun.perfcollector <> - eventId : g , ignored
126 [140623812740864] INFO perfrun.perfcollector <> - DRY_RUN : "reg_type       = 1	event_id       = g	reg_id         = 3f1	reg_value      = 0"
126 [140623812740864] INFO perfrun.perfcollector <> - eventId : g , ignored
126 [140623812740864] INFO perfrun.perfcollector <> - DRY_RUN : "reg_type       = 1	event_id       = g	reg_id         = 1d9	reg_value      = 1800"
126 [140623812740864] INFO perfrun.perfcollector <> - eventId : g , ignored
126 [140623812740864] INFO perfrun.perfcollector <> - DRY_RUN : "reg_type       = 1	event_id       = g	reg_id         = 38d	reg_value      = bbb"
126 [140623812740864] INFO perfrun.perfcollector <> - eventId : g , ignored
126 [140623812740864] INFO perfrun.perfcollector <> - DRY_RUN : "reg_type       = 1	event_id       = 3	reg_id         = 186	reg_value      = 53013c"
126 [140623812740864] INFO perfrun.perfcollector <> - eventId : 3 , cccrAddr : 186 , cccrVal : 53013c
126 [140623812740864] INFO perfrun.perfcollector <> - DRY_RUN : "reg_type       = 1	event_id       = 4	reg_id         = 187	reg_value      = 53023c"
126 [140623812740864] INFO perfrun.perfcollector <> - eventId : 4 , cccrAddr : 187 , cccrVal : 53023c
126 [140623812740864] INFO perfrun.perfcollector <> - DRY_RUN : "reg_type       = 1	event_id       = 5	reg_id         = 188	reg_value      = 5302c2"
126 [140623812740864] INFO perfrun.perfcollector <> - eventId : 5 , cccrAddr : 188 , cccrVal : 5302c2
126 [140623812740864] INFO perfrun.perfcollector <> - DRY_RUN : "ESCR"
126 [140623812740864] INFO perfrun.perfcollector <> - DRY_RUN : "reg_type       = 2	event_id       = g	reg_id         = 1c8	reg_value      = 0"
126 [140623812740864] INFO perfrun.perfcollector <> - eventId : g , ignored
126 [140623812740864] INFO perfrun.perfcollector <> - DRY_RUN : "DATA"
126 [140623812740864] INFO perfrun.perfcollector <> - DRY_RUN : "reg_type       = 4	event_id       = 2	reg_id         = 309	reg_value      = ffffffdce7a0"
126 [140623812740864] INFO perfrun.perfcollector <> - eventId : 2 , dataAddr : 309 , dataVal : ffffffdce7a0
126 [140623812740864] INFO perfrun.perfcollector <> - DRY_RUN : "reg_type       = 4	event_id       = 0	reg_id         = 30a	reg_value      = ffffffdce7a0"
126 [140623812740864] INFO perfrun.perfcollector <> - eventId : 0 , dataAddr : 30a , dataVal : ffffffdce7a0
126 [140623812740864] INFO perfrun.perfcollector <> - DRY_RUN : "reg_type       = 4	event_id       = 1	reg_id         = 30b	reg_value      = ffffffdce7a0"
127 [140623812740864] INFO perfrun.perfcollector <> - eventId : 1 , dataAddr : 30b , dataVal : ffffffdce7a0
127 [140623812740864] INFO perfrun.perfcollector <> - DRY_RUN : "reg_type       = 4	event_id       = 3	reg_id         = c1	reg_value      = fffffffe795d"
127 [140623812740864] INFO perfrun.perfcollector <> - eventId : 3 , dataAddr : c1 , dataVal : fffffffe795d
127 [140623812740864] INFO perfrun.perfcollector <> - DRY_RUN : "reg_type       = 4	event_id       = 4	reg_id         = c2	reg_value      = fffffffe795d"
127 [140623812740864] INFO perfrun.perfcollector <> - eventId : 4 , dataAddr : c2 , dataVal : fffffffe795d
127 [140623812740864] INFO perfrun.perfcollector <> - DRY_RUN : "reg_type       = 4	event_id       = 5	reg_id         = c3	reg_value      = ffffffe17b7d"
127 [140623812740864] INFO perfrun.perfcollector <> - eventId : 5 , dataAddr : c3 , dataVal : ffffffe17b7d
127 [140623812740864] INFO perfrun.perfcollector <> - pmu config : cpu , m_cccrAddr : ffffffff , m_cccrVal : 0 , m_escrAddr : ffffffff , m_escrVal : 0 , m_dataAddr : 30a , m_dataVal : ffffffffffdce7a0
127 [140623812740864] INFO perfrun.perfcollector <> - config : pc : 0
127 [140623812740864] INFO perfrun.perfcollector <> - config : any : 0
127 [140623812740864] INFO perfrun.perfcollector <> - config : inv : 0
127 [140623812740864] INFO perfrun.perfcollector <> - config : edge : 0
127 [140623812740864] INFO perfrun.perfcollector <> - config : cmask : 0
127 [140623812740864] INFO perfrun.perfcollector <> - config : event : 3c
127 [140623812740864] INFO perfrun.perfcollector <> - config : in_tx : 0
127 [140623812740864] INFO perfrun.perfcollector <> - config1 : ldlat : 0
127 [140623812740864] INFO perfrun.perfcollector <> - config : umask : 0
127 [140623812740864] INFO perfrun.perfcollector <> - config : in_tx_cp : 0
127 [140623812740864] INFO perfrun.perfcollector <> - config1 : offcore_rsp : 0
127 [140623812740864] INFO perfrun.perfcollector <> - format : cpu/event=0x3c,name='CPU_CLK_UNHALTED.THREAD'/D
127 [140623812740864] INFO perfrun.perfcollector <> - pmu config : cpu , m_cccrAddr : ffffffff , m_cccrVal : 0 , m_escrAddr : ffffffff , m_escrVal : 0 , m_dataAddr : 30b , m_dataVal : ffffffffffdce7a0
127 [140623812740864] INFO perfrun.perfcollector <> - config : pc : 0
127 [140623812740864] INFO perfrun.perfcollector <> - config : any : 0
127 [140623812740864] INFO perfrun.perfcollector <> - config : inv : 0
127 [140623812740864] INFO perfrun.perfcollector <> - config : edge : 0
127 [140623812740864] INFO perfrun.perfcollector <> - config : cmask : 0
127 [140623812740864] INFO perfrun.perfcollector <> - config : event : 0
127 [140623812740864] INFO perfrun.perfcollector <> - config : in_tx : 0
127 [140623812740864] INFO perfrun.perfcollector <> - config1 : ldlat : 0
127 [140623812740864] INFO perfrun.perfcollector <> - config : umask : 3
127 [140623812740864] INFO perfrun.perfcollector <> - config : in_tx_cp : 0
127 [140623812740864] INFO perfrun.perfcollector <> - config1 : offcore_rsp : 0
127 [140623812740864] INFO perfrun.perfcollector <> - format : cpu/umask=0x3,name='CPU_CLK_UNHALTED.REF_TSC'/D
127 [140623812740864] INFO perfrun.perfcollector <> - pmu config : cpu , m_cccrAddr : ffffffff , m_cccrVal : 0 , m_escrAddr : ffffffff , m_escrVal : 0 , m_dataAddr : 309 , m_dataVal : ffffffffffdce7a0
127 [140623812740864] INFO perfrun.perfcollector <> - config : pc : 0
127 [140623812740864] INFO perfrun.perfcollector <> - config : any : 0
127 [140623812740864] INFO perfrun.perfcollector <> - config : inv : 0
127 [140623812740864] INFO perfrun.perfcollector <> - config : edge : 0
127 [140623812740864] INFO perfrun.perfcollector <> - config : cmask : 0
127 [140623812740864] INFO perfrun.perfcollector <> - config : event : c0
127 [140623812740864] INFO perfrun.perfcollector <> - config : in_tx : 0
127 [140623812740864] INFO perfrun.perfcollector <> - config1 : ldlat : 0
127 [140623812740864] INFO perfrun.perfcollector <> - config : umask : 0
127 [140623812740864] INFO perfrun.perfcollector <> - config : in_tx_cp : 0
127 [140623812740864] INFO perfrun.perfcollector <> - config1 : offcore_rsp : 0
127 [140623812740864] INFO perfrun.perfcollector <> - format : cpu/event=0xc0,name='INST_RETIRED.ANY'/D
127 [140623812740864] INFO perfrun.perfcollector <> - pmu config : cpu , m_cccrAddr : 186 , m_cccrVal : 53013c , m_escrAddr : ffffffff , m_escrVal : 0 , m_dataAddr : c1 , m_dataVal : fffffffffffe795d
127 [140623812740864] INFO perfrun.perfcollector <> - config : pc : 0
127 [140623812740864] INFO perfrun.perfcollector <> - config : any : 0
127 [140623812740864] INFO perfrun.perfcollector <> - config : inv : 0
127 [140623812740864] INFO perfrun.perfcollector <> - config : edge : 0
127 [140623812740864] INFO perfrun.perfcollector <> - config : cmask : 0
127 [140623812740864] INFO perfrun.perfcollector <> - config : event : 3c
127 [140623812740864] INFO perfrun.perfcollector <> - config : in_tx : 0
127 [140623812740864] INFO perfrun.perfcollector <> - config1 : ldlat : 0
127 [140623812740864] INFO perfrun.perfcollector <> - config : umask : 1
127 [140623812740864] INFO perfrun.perfcollector <> - config : in_tx_cp : 0
127 [140623812740864] INFO perfrun.perfcollector <> - config1 : offcore_rsp : 0
127 [140623812740864] INFO perfrun.perfcollector <> - format : cpu/event=0x3c,umask=0x1,name='CPU_CLK_UNHALTED.REF_XCLK'/
127 [140623812740864] INFO perfrun.perfcollector <> - pmu config : cpu , m_cccrAddr : 187 , m_cccrVal : 53023c , m_escrAddr : ffffffff , m_escrVal : 0 , m_dataAddr : c2 , m_dataVal : fffffffffffe795d
127 [140623812740864] INFO perfrun.perfcollector <> - config : pc : 0
127 [140623812740864] INFO perfrun.perfcollector <> - config : any : 0
127 [140623812740864] INFO perfrun.perfcollector <> - config : inv : 0
127 [140623812740864] INFO perfrun.perfcollector <> - config : edge : 0
127 [140623812740864] INFO perfrun.perfcollector <> - config : cmask : 0
127 [140623812740864] INFO perfrun.perfcollector <> - config : event : 3c
127 [140623812740864] INFO perfrun.perfcollector <> - config : in_tx : 0
127 [140623812740864] INFO perfrun.perfcollector <> - config1 : ldlat : 0
127 [140623812740864] INFO perfrun.perfcollector <> - config : umask : 2
127 [140623812740864] INFO perfrun.perfcollector <> - config : in_tx_cp : 0
127 [140623812740864] INFO perfrun.perfcollector <> - config1 : offcore_rsp : 0
127 [140623812740864] INFO perfrun.perfcollector <> - format : cpu/event=0x3c,umask=0x2,name='CPU_CLK_UNHALTED.ONE_THREAD_ACTIVE'/
127 [140623812740864] INFO perfrun.perfcollector <> - pmu config : cpu , m_cccrAddr : 188 , m_cccrVal : 5302c2 , m_escrAddr : ffffffff , m_escrVal : 0 , m_dataAddr : c3 , m_dataVal : ffffffffffe17b7d
127 [140623812740864] INFO perfrun.perfcollector <> - config : pc : 0
127 [140623812740864] INFO perfrun.perfcollector <> - config : any : 0
127 [140623812740864] INFO perfrun.perfcollector <> - config : inv : 0
127 [140623812740864] INFO perfrun.perfcollector <> - config : edge : 0
127 [140623812740864] INFO perfrun.perfcollector <> - config : cmask : 0
127 [140623812740864] INFO perfrun.perfcollector <> - config : event : c2
127 [140623812740864] INFO perfrun.perfcollector <> - config : in_tx : 0
127 [140623812740864] INFO perfrun.perfcollector <> - config1 : ldlat : 0
127 [140623812740864] INFO perfrun.perfcollector <> - config : umask : 2
127 [140623812740864] INFO perfrun.perfcollector <> - config : in_tx_cp : 0
127 [140623812740864] INFO perfrun.perfcollector <> - config1 : offcore_rsp : 0
127 [140623812740864] INFO perfrun.perfcollector <> - format : cpu/event=0xc2,umask=0x2,name='UOPS_RETIRED.RETIRE_SLOTS'/
127 [140623812740864] INFO perfrun.perfcollector <> - event: cpu/event=0x3c,name='CPU_CLK_UNHALTED.THREAD'/Duk , added for counting
127 [140623812740864] INFO perfrun.perfcollector <> - event: cpu/umask=0x3,name='CPU_CLK_UNHALTED.REF_TSC'/Duk , added for counting
127 [140623812740864] INFO perfrun.perfcollector <> - event: cpu/event=0xc0,name='INST_RETIRED.ANY'/Duk , added for counting
127 [140623812740864] INFO perfrun.perfcollector <> - event: cpu/event=0x3c,umask=0x1,name='CPU_CLK_UNHALTED.REF_XCLK'/uk , added for counting
127 [140623812740864] INFO perfrun.perfcollector <> - event: cpu/event=0x3c,umask=0x2,name='CPU_CLK_UNHALTED.ONE_THREAD_ACTIVE'/uk , added for counting
127 [140623812740864] INFO perfrun.perfcollector <> - event: cpu/event=0xc2,umask=0x2,name='UOPS_RETIRED.RETIRE_SLOTS'/uk , added for counting
131 [140623671719680] INFO perfrun.perfcollector <> - Monitor: runCmd: "/home/cc/intel/vtune_amplifier_2019.1.0.579888/bin64/amplxe-perf" stat --log-fd 11 --resume-fd 12 --resume-ack-fd 15 -c -x ; -e cpu/event=0x3c,name='CPU_CLK_UNHALTED.THREAD'/Duk,cpu/umask=0x3,name='CPU_CLK_UNHALTED.REF_TSC'/Duk,cpu/event=0xc0,name='INST_RETIRED.ANY'/Duk,cpu/event=0x3c,umask=0x1,name='CPU_CLK_UNHALTED.REF_XCLK'/uk,cpu/event=0x3c,umask=0x2,name='CPU_CLK_UNHALTED.ONE_THREAD_ACTIVE'/uk,cpu/event=0xc2,umask=0x2,name='UOPS_RETIRED.RETIRE_SLOTS'/uk "/home/cc/intel/vtune_amplifier_2019.1.0.579888/bin64/amplxe-perf-sync" dryrun sys
138 [140623663326976] INFO perfrun.perfcollector <> - PERF_STAT : "2628520;;CPU_CLK_UNHALTED.THREAD;2202382;100.00"
139 [140623663326976] INFO perfrun.perfcollector <> - PERF_STAT : "5038012;;CPU_CLK_UNHALTED.REF_TSC;2202382;100.00"
139 [140623671719680] INFO perfrun.perfcollector <> - Monitor: runCmd RC = true
139 [140623663326976] INFO perfrun.perfcollector <> - PERF_STAT : "3472238;;INST_RETIRED.ANY;2202382;100.00"
139 [140623663326976] INFO perfrun.perfcollector <> - PERF_STAT : "219044;;CPU_CLK_UNHALTED.REF_XCLK;2202382;100.00"
139 [140623663326976] INFO perfrun.perfcollector <> - PERF_STAT : "219044;;CPU_CLK_UNHALTED.ONE_THREAD_ACTIVE;2202382;100.00"
139 [140623663326976] INFO perfrun.perfcollector <> - PERF_STAT : "3594318;;UOPS_RETIRED.RETIRE_SLOTS;2202382;100.00"
139 [140623812740864] INFO perfrun.tpss <> - initialize tpss controller
139 [140623812740864] INFO perfrun.tpss <> - configure collection mode: value = cpu:counters:nostack
139 [140623812740864] INFO perfrun.tpss <> - configure collection mode: value = cpu:stack
139 [140623812740864] INFO perfrun.tpss <> - default obj-size-min=1024
139 [140623812740864] INFO perfrun.tpss <> - default hash-table-size=0
227 [140623812740864] INFO perfrun.launcher <> - plugin [exprof] was disabled because it doesn't support the given collection type.
228 [140623812740864] INFO perfrun.launcher <> - plugin [cve] was disabled because it doesn't support the given collection type.
228 [140623812740864] INFO perfrun.launcher <> - plugin [] was disabled because it doesn't support the given collection type.
228 [140623812740864] INFO perfrun.launcher <> - plugin [] was disabled because it doesn't support the given collection type.
228 [140623922493248] INFO perfrun.launcher <> - set environment variable: LD_LIBRARY_PATH = /home/cc/intel/vtune_amplifier_2019.1.0.579888/lib32/runtime:/home/cc/intel/vtune_amplifier_2019.1.0.579888/lib64/runtime
228 [140623922493248] INFO perfrun.launcher <> - set environment variable: INTEL_LIBITTNOTIFY32 = /home/cc/intel/vtune_amplifier_2019.1.0.579888/lib32/runtime/libittnotify_collector.so
228 [140623922493248] INFO perfrun.launcher <> - set environment variable: INTEL_LIBITTNOTIFY64 = /home/cc/intel/vtune_amplifier_2019.1.0.579888/lib64/runtime/libittnotify_collector.so
228 [140623922493248] INFO perfrun.launcher <> - set environment variable: INTEL_ITTNOTIFY_GROUPS = 
228 [140623922493248] INFO perfrun.launcher <> - set environment variable: INTEL_JIT_PROFILER32 = /home/cc/intel/vtune_amplifier_2019.1.0.579888/lib32/runtime/libittnotify_collector.so
228 [140623922493248] INFO perfrun.launcher <> - set environment variable: INTEL_JIT_PROFILER64 = /home/cc/intel/vtune_amplifier_2019.1.0.579888/lib64/runtime/libittnotify_collector.so
228 [140623922493248] INFO perfrun.launcher <> - set environment variable: VS_PROFILER = libittnotify_collector.so
228 [140623922493248] INFO perfrun.launcher <> - set environment variable: ENABLE_JITPROFILING = 1
228 [140623922493248] INFO perfrun.launcher <> - set environment variable: CL_CONFIG_USE_VTUNE = True
228 [140623922493248] INFO perfrun.launcher <> - set environment variable: __OCL_MIC_INTEL_LIBITTNOTIFY64 = /amplxe/results/libittnotify_collector.so
228 [140623922493248] INFO perfrun.launcher <> - set environment variable: __OCL_MIC_INTEL_JIT_PROFILER64 = /amplxe/results/libittnotify_collector.so
228 [140623922493248] INFO perfrun.launcher <> - set environment variable: KMP_FORKJOIN_FRAMES = 0
228 [140623922493248] INFO perfrun.launcher <> - set environment variable: KMP_FORKJOIN_FRAMES_MODE = 0
228 [140623922493248] INFO perfrun.launcher <> - RpcServer: run RPC server to handle requests
229 [140623922493248] INFO perfrun.launcher <> - Launcher: command line to start before modification = /home/cc/testing-waters/XTask/Fibonacci/fib_30
229 [140623922493248] INFO perfrun.launcher <> - Launcher: command line to start after modification = /home/cc/intel/vtune_amplifier_2019.1.0.579888/bin64/pin -error_file /home/cc/intel/vtune_amplifier_2019.1.0.579888/r005hs/data.0/pinerr.tpsslog -detach_reattach -follow_execv -tool_load_option deepbind -t64 /home/cc/intel/vtune_amplifier_2019.1.0.579888/lib64/libtpsstool.so -t /home/cc/intel/vtune_amplifier_2019.1.0.579888/lib32/libtpsstool.so -server_name tpss_ipc.37219 -prd_dir /home/cc/intel/vtune_amplifier_2019.1.0.579888 -- /home/cc/testing-waters/XTask/Fibonacci/fib_30
229 [140623922493248] INFO perfrun.launcher <> - ProcessCreator object was created
230 [140623922493248] INFO perfrun.launcher <> - Launcher: the process was started in suspend mode
362 [140623812740864] INFO perfrun.system <> - Helper runtool '/home/cc/intel/vtune_amplifier_2019.1.0.579888/bin32/amplxe-runss -dump-vdso -r /home/cc/intel/vtune_amplifier_2019.1.0.579888/r005hs --tmp-dir /tmp/amplxe-tmp-cc' returned 0
490 [140623812740864] INFO perfrun.system <> - Helper runtool '/home/cc/intel/vtune_amplifier_2019.1.0.579888/bin64/amplxe-runss -dump-vdso -r /home/cc/intel/vtune_amplifier_2019.1.0.579888/r005hs --tmp-dir /tmp/amplxe-tmp-cc' returned 0
501 [140623812740864] WARN perfrun.system <> - Could not do anything with /sys/kernel/debug/kvm: boost::filesystem::status: Permission denied: "/sys/kernel/debug/kvm", at file: vcs/perfrun1/plugins/system/src/trace_writer.cpp:748
501 [140623812740864] WARN perfrun.system <> - Folder "/var/run/libvirt/qemu/"doesn't exist, at file: vcs/perfrun1/plugins/system/src/trace_writer.cpp:761
501 [140623812740864] WARN perfrun.sdk <> - Failed to find xl binary on any of the system paths: /bin, /sbin, /usr/bin, /usr/sbin., at file: vcs/perfrun1/sdk/src/utils.cpp:451
501 [140623812740864] WARN perfrun.system <> - Could not start ContainerMapping collector, at file: vcs/perfrun1/plugins/system/src/controller.cpp:422
507 [140623812740864] INFO perfrun.itt <> - start itt controller for pid #37229
511 [140623646541568] INFO perfrun.perfcollector <> - Monitor: runCmd: "/home/cc/intel/vtune_amplifier_2019.1.0.579888/bin64/amplxe-perf" stat --log-fd 24 --resume-fd 25 --resume-ack-fd 28 -p 37229 -c -x ; -e cpu/event=0x3c,name='CPU_CLK_UNHALTED.THREAD'/Duk,cpu/umask=0x3,name='CPU_CLK_UNHALTED.REF_TSC'/Duk,cpu/event=0xc0,name='INST_RETIRED.ANY'/Duk,cpu/event=0x3c,umask=0x1,name='CPU_CLK_UNHALTED.REF_XCLK'/uk,cpu/event=0x3c,umask=0x2,name='CPU_CLK_UNHALTED.ONE_THREAD_ACTIVE'/uk,cpu/event=0xc2,umask=0x2,name='UOPS_RETIRED.RETIRE_SLOTS'/uk "/home/cc/intel/vtune_amplifier_2019.1.0.579888/bin64/amplxe-perf-sync" sync sys
518 [140623812740864] INFO perfrun.tpss <> - start tpss controller for pid #37229
569 [140623922493248] INFO perfrun.launcher <> - Launcher: all plugins were started
569 [140623922493248] INFO perfrun.launcher <> - DirectoryMonitor object was created
569 [140623922493248] INFO perfrun.launcher <> - DirectoryMonitor: a callback was added
569 [140623922493248] INFO perfrun.launcher <> - DirectoryMonitor was started with pingTime = 1000
569 [140623922493248] INFO perfrun.launcher <> - DeadlineTimer is going to be constructed
569 [140623922493248] INFO perfrun.launcher <> - DeadlineTimer: a callback was added
586 [140623922493248] INFO perfrun.launcher <> - Launcher: resume the profiled application and  wait its termination or stop command
11656 [140623922493248] INFO perfrun.launcher <> - Launcher: the profiled application was terminated  with exit code = 0
11672 [140623812740864] INFO perfrun.itt <> - stop itt controller
11672 [140623812740864] INFO perfrun.itt <> - detach itt controller
11672 [140623638148864] INFO perfrun.perfcollector <> - PERF_STAT : "657979459309;;CPU_CLK_UNHALTED.THREAD;256876191663;100.00"
11672 [140623638148864] INFO perfrun.perfcollector <> - PERF_STAT : "590725355944;;CPU_CLK_UNHALTED.REF_TSC;256876191663;100.00"
11672 [140623638148864] INFO perfrun.perfcollector <> - PERF_STAT : "23623740847;;INST_RETIRED.ANY;256876191663;100.00"
11672 [140623646541568] INFO perfrun.perfcollector <> - Monitor: runCmd RC = true
11672 [140623638148864] INFO perfrun.perfcollector <> - PERF_STAT : "25683710615;;CPU_CLK_UNHALTED.REF_XCLK;256876191663;100.00"
11672 [140623638148864] INFO perfrun.perfcollector <> - PERF_STAT : "20468758398;;CPU_CLK_UNHALTED.ONE_THREAD_ACTIVE;256876191663;100.00"
11673 [140623638148864] INFO perfrun.perfcollector <> - PERF_STAT : "41452388297;;UOPS_RETIRED.RETIRE_SLOTS;256876191663;100.00"
11673 [140623812740864] INFO perfrun.perfcollector <> - Monitor: state = 3, error = 1
11673 [140623812740864] INFO perfrun.tpss <> - stop tpss controller
11673 [140623812740864] INFO perfrun.sdk <> - De-allocating TMU: /home/cc/intel/vtune_amplifier_2019.1.0.579888/r005hs/data.0/systemcollector-37219-xtask-slayers.sc
11674 [140623812740864] INFO perfrun.system <> - closed the system trace file: /home/cc/intel/vtune_amplifier_2019.1.0.579888/r005hs/data.0/systemcollector-37219-xtask-slayers.sc
11674 [140623922493248] INFO perfrun.launcher <> - Launcher: all plugins were stopped.
11674 [140623922493248] INFO perfrun.launcher <> - DeadlineTimer is going to be destroyed
11674 [140623922493248] INFO perfrun.launcher <> - DirectoryMonitor object was destroyed
11674 [140623922493248] WARN perfrun.launcher <> - Stop command is ignored because it is received when collection is already stopped, at file: vcs/perfrun1/launcher/src/command_handler.cpp:212
11676 [140623922493248] INFO perfrun.launcher <> - Application exit code: 0
11676 [140623922493248] INFO perfrun.launcher <> - Exit code: 0
